0 info it worked if it ends with ok
1 verbose cli [ '/usr/local/bin/node', '/usr/local/bin/npm', 'publish' ]
2 info using npm@3.3.7
3 info using node@v5.0.0
4 verbose publish [ '.' ]
5 silly cache add args [ '.', null ]
6 verbose cache add spec .
7 silly cache add parsed spec Result {
7 silly cache add   raw: '.',
7 silly cache add   scope: null,
7 silly cache add   name: null,
7 silly cache add   rawSpec: '.',
7 silly cache add   spec: '/Users/hagio/dev/product/express-boilerplate',
7 silly cache add   type: 'directory' }
8 verbose addLocalDirectory /Users/hagio/.npm/express-boilerplate/1.0.0/package.tgz not in flight; packing
9 info lifecycle express-boilerplate@1.0.0~prepublish: express-boilerplate@1.0.0
10 silly lifecycle express-boilerplate@1.0.0~prepublish: no script for prepublish, continuing
11 verbose tar pack [ '/Users/hagio/.npm/express-boilerplate/1.0.0/package.tgz',
11 verbose tar pack   '/Users/hagio/dev/product/express-boilerplate' ]
12 verbose tarball /Users/hagio/.npm/express-boilerplate/1.0.0/package.tgz
13 verbose folder /Users/hagio/dev/product/express-boilerplate
14 verbose addLocalTarball adding from inside cache /Users/hagio/.npm/express-boilerplate/1.0.0/package.tgz
15 silly cache afterAdd express-boilerplate@1.0.0
16 verbose afterAdd /Users/hagio/.npm/express-boilerplate/1.0.0/package/package.json not in flight; writing
17 verbose afterAdd /Users/hagio/.npm/express-boilerplate/1.0.0/package/package.json written
18 silly publish { name: 'express-boilerplate',
18 silly publish   version: '1.0.0',
18 silly publish   description: 'Node Express MongoDB Passport Mailgun backend API Boilerplate',
18 silly publish   main: 'server.js',
18 silly publish   directories: { test: 'tests' },
18 silly publish   scripts: { start: 'babel-node server.js' },
18 silly publish   repository:
18 silly publish    { type: 'git',
18 silly publish      url: 'git+https://github.com/yhagio/express-boilerplate.git' },
18 silly publish   keywords:
18 silly publish    [ 'Node.js',
18 silly publish      'Expressjs',
18 silly publish      'MongoDB',
18 silly publish      'Mongoose',
18 silly publish      'Mailgun',
18 silly publish      'Passport',
18 silly publish      'node',
18 silly publish      'express' ],
18 silly publish   author:
18 silly publish    { name: 'Yuichi Hagio',
18 silly publish      email: 'yhagio87@gmail.com',
18 silly publish      url: 'http://github.com/yhagio' },
18 silly publish   license: 'MIT',
18 silly publish   bugs: { url: 'https://github.com/yhagio/express-boilerplate/issues' },
18 silly publish   homepage: 'https://github.com/yhagio/express-boilerplate#readme',
18 silly publish   dependencies:
18 silly publish    { 'babel-core': '^6.3.21',
18 silly publish      'babel-preset-es2015': '^6.3.13',
18 silly publish      bcrypt: '^0.8.5',
18 silly publish      'connect-mongo': '^1.0.2',
18 silly publish      'cookie-parser': '^1.4.0',
18 silly publish      express: '^4.13.3',
18 silly publish      'express-session': '^1.12.1',
18 silly publish      'mailgun-js': '^0.7.7',
18 silly publish      mongoose: '^4.3.3',
18 silly publish      passport: '^0.3.2',
18 silly publish      'passport-local': '^1.0.0' },
18 silly publish   readme: '[![version](https://img.shields.io/npm/v/express-boilerplate.svg)](http://npm.im/express-boilerplate)\n![[https://david-dm.org/yhagio/express-boilerplate.svg](https://david-dm.org/yhagio/express-boilerplate.svg)](https://david-dm.org/yhagio/express-boilerplate.svg)\n[![downloads](https://img.shields.io/npm/dm/express-boilerplate.svg)](http://npm-stat.com/charts.html?package=express-boilerplate&from=2015-12-20)\n[![MIT License](https://img.shields.io/npm/l/express-boilerplate.svg)](http://opensource.org/licenses/MIT)\n\n# Express-Boilerplate\n\n- [Node.js](https://nodejs.org/en/)\n- [Expressjs](http://expressjs.com/en/index.html)\n- [Mongoose](http://mongoosejs.com/)\n- [Passport](http://passportjs.org/)\n- [Mailgun](https://github.com/1lobby/mailgun-js)\n\n### Features\nUser authentication (User Registration, Login, Logout, Forgot Password)\n\n**How to start**\n- Pre-requisite (Node.js and MongoDB)\n\nProduction\n```\nNODE_ENV=production npm start\n```\n\nDevelopment\n```\nNODE_ENV=development npm start\n```\n',
18 silly publish   readmeFilename: 'README.md',
18 silly publish   gitHead: 'c7d439939f6a7e11a6ebf199363ac2a99f387363',
18 silly publish   _id: 'express-boilerplate@1.0.0',
18 silly publish   _shasum: 'f97eee54c1df185583f7aab25d8a4b7f1e552276',
18 silly publish   _from: '.' }
19 verbose getPublishConfig undefined
20 silly mapToRegistry name express-boilerplate
21 silly mapToRegistry using default registry
22 silly mapToRegistry registry https://registry.npmjs.org/
23 silly mapToRegistry uri https://registry.npmjs.org/express-boilerplate
24 verbose publish registryBase https://registry.npmjs.org/
25 silly publish uploading /Users/hagio/.npm/express-boilerplate/1.0.0/package.tgz
26 verbose request uri https://registry.npmjs.org/express-boilerplate
27 verbose request sending authorization for write operation
28 info attempt registry request try #1 at 6:04:33 PM
29 verbose request using bearer token for auth
30 verbose request id b2e05bcab34a383e
31 http request PUT https://registry.npmjs.org/express-boilerplate
32 http 403 https://registry.npmjs.org/express-boilerplate
33 verbose headers { 'content-type': 'application/json',
33 verbose headers   'cache-control': 'max-age=300',
33 verbose headers   'content-length': '95',
33 verbose headers   'accept-ranges': 'bytes',
33 verbose headers   date: 'Sun, 20 Dec 2015 23:04:34 GMT',
33 verbose headers   via: '1.1 varnish',
33 verbose headers   connection: 'keep-alive',
33 verbose headers   'x-served-by': 'cache-iad2133-IAD',
33 verbose headers   'x-cache': 'MISS',
33 verbose headers   'x-cache-hits': '0',
33 verbose headers   'x-timer': 'S1450652673.506711,VS0,VE630' }
34 verbose request invalidating /Users/hagio/.npm/registry.npmjs.org/express-boilerplate on PUT
35 error publish Failed PUT 403
36 verbose stack Error: "You cannot publish over the previously published version 1.0.0." : express-boilerplate
36 verbose stack     at makeError (/usr/local/lib/node_modules/npm/node_modules/npm-registry-client/lib/request.js:264:12)
36 verbose stack     at CachingRegistryClient.<anonymous> (/usr/local/lib/node_modules/npm/node_modules/npm-registry-client/lib/request.js:252:14)
36 verbose stack     at Request._callback (/usr/local/lib/node_modules/npm/node_modules/npm-registry-client/lib/request.js:172:14)
36 verbose stack     at Request.self.callback (/usr/local/lib/node_modules/npm/node_modules/request/request.js:198:22)
36 verbose stack     at emitTwo (events.js:87:13)
36 verbose stack     at Request.emit (events.js:172:7)
36 verbose stack     at Request.<anonymous> (/usr/local/lib/node_modules/npm/node_modules/request/request.js:1063:14)
36 verbose stack     at emitOne (events.js:82:20)
36 verbose stack     at Request.emit (events.js:169:7)
36 verbose stack     at IncomingMessage.<anonymous> (/usr/local/lib/node_modules/npm/node_modules/request/request.js:1009:12)
37 verbose statusCode 403
38 verbose pkgid express-boilerplate
39 verbose cwd /Users/hagio/dev/product/express-boilerplate
40 error Darwin 15.2.0
41 error argv "/usr/local/bin/node" "/usr/local/bin/npm" "publish"
42 error node v5.0.0
43 error npm  v3.3.7
44 error code E403
45 error "You cannot publish over the previously published version 1.0.0." : express-boilerplate
46 error If you need help, you may report this error at:
46 error     <https://github.com/npm/npm/issues>
47 verbose exit [ 1, true ]
